Arguments: 
  /usr/local/bin/node /usr/local/bin/yarn install

PATH: 
  /Users/liqiming/Env/lib/gradle-6.8.3/bin:/Users/liqiming/Documents/Project/go/bin:/Library/Frameworks/Python.framework/Versions/3.9/bin:/usr/local/bin:/usr/bin:/bin:/usr/sbin:/sbin:/usr/local/go/bin:/Users/liqiming/Documents/Project/go/src/github/mock_for_service/pact_node/node_modules/.bin:/Users/liqiming/Env/npm/module/bin:/Users/liqiming/Env/pact/bin

Yarn version: 
  1.22.10

Node version: 
  14.16.0

Platform: 
  darwin x64

Trace: 
  Error: https://registry.npm.taobao.org/@pact-foundation%2fabsolute-version: tunneling socket could not be established, cause=connect EHOSTUNREACH 0.0.49.95:80 - Local (192.168.255.10:55119)
      at ClientRequest.onError (/usr/local/lib/node_modules/yarn/lib/cli.js:152235:17)
      at Object.onceWrapper (events.js:422:26)
      at ClientRequest.emit (events.js:315:20)
      at Socket.socketErrorListener (_http_client.js:469:9)
      at Socket.emit (events.js:315:20)
      at emitErrorNT (internal/streams/destroy.js:106:8)
      at emitErrorCloseNT (internal/streams/destroy.js:74:3)
      at processTicksAndRejections (internal/process/task_queues.js:80:21)

npm manifest: 
  {
    "name": "pact_node",
    "version": "1.0.0",
    "description": "pact example for node",
    "main": "index.js",
    "author": "liqiming",
    "license": "MIT",
    "scripts": {
      "test": "jest __tests__/ --runInBand",
      "publish:pact": "node ./publish.js"
    },
    "license": "MIT",
    "jest": {
      "testEnvironment": "node"
    },
    "devDependencies": {
      "@pact-foundation/absolute-version": "0.0.1",
      "@pact-foundation/pact": "^9.11.1",
      "axios": "^0.21.1",
      "jest": "^26.6.3",
      "jest-pact": "^0.5.2"
    }
  }

yarn manifest: 
  No manifest

Lockfile: 
  No lockfile
